Build started 2016/5/31 下午 03:16:59.
     1>Project "C:\Users\USER\Desktop\OOP_HW03_Template_NET2010\asm.vcxproj" on node 2 (Build target(s)).
     1>C:\Program Files (x86)\MSBuild\Microsoft.Cpp\v4.0\V120\Microsoft.CppBuild.targets(364,5): warning MSB8004: Output Directory does not end with a trailing slash.  This build instance will add the slash as it is required to allow proper evaluation of the Output Directory.
     1>ClCompile:
         D:\visual2013\VC\bin\CL.exe /c /I.\Irvine /I.\inc /Zi /nologo /W3 /WX- /O2 /Oy- /GL /D WIN32 /D NDEBUG /D _CONSOLE /D _MBCS /Gm- /EHsc /MD /GS /fp:precise /Zc:wchar_t /Zc:forScope /Fo"Release\\" /Fd"Release\vc120.pdb" /Gd /TP /analyze- /errorReport:prompt 00_StudentWork\00_SimpleInteractiveSystem\mySystem_GraphSystem.cpp
         mySystem_GraphSystem.cpp
     1>C:\Users\USER\Desktop\OOP_HW03_Template_NET2010\inc\GL/gl.h : warning C4819: The file contains a character that cannot be represented in the current code page (950). Save the file in Unicode format to prevent data loss
     1>00_StudentWork\00_SimpleInteractiveSystem\mySystem_GraphSystem.cpp(45): warning C4101: 'x' : unreferenced local variable
     1>00_StudentWork\00_SimpleInteractiveSystem\mySystem_GraphSystem.cpp(67): warning C4101: 'x' : unreferenced local variable
     1>00_StudentWork\00_SimpleInteractiveSystem\mySystem_GraphSystem.cpp(87): warning C4101: 'x' : unreferenced local variable
     1>00_StudentWork\00_SimpleInteractiveSystem\mySystem_GraphSystem.cpp(107): warning C4101: 'x' : unreferenced local variable
       Link:
         D:\visual2013\VC\bin\link.exe /ERRORREPORT:PROMPT /OUT:".\bin\Release\SelfMotivatedSystem.exe" /INCREMENTAL:NO /NOLOGO /LIBPATH:.\Irvine /LIBPATH:.\lib /LIBPATH:.\lib\IL freeglut.lib opengl32.lib glew32.lib glew32s.lib ILUT.lib devIL.lib ILU.lib kernel32.lib user32.lib gdi32.lib winspool.lib comdlg32.lib advapi32.lib shell32.lib ole32.lib oleaut32.lib uuid.lib odbc32.lib odbccp32.lib /MANIFEST /MANIFESTUAC:"level='asInvoker' uiAccess='false'" /manifest:embed /DEBUG /PDB:".\bin\Release\SelfMotivatedSystem.pdb" /SUBSYSTEM:CONSOLE /OPT:REF /OPT:ICF /LTCG /TLBID:1 /DYNAMICBASE:NO /IMPLIB:".\bin\Release\SelfMotivatedSystem.lib" /MACHINE:X86 /SAFESEH Release\myBasicTools.obj
         Release\mySystem_2048.obj
         Release\mySystem_2048_draw.obj
         Release\mySystem_GraphSystem.obj
         Release\mySystem_GraphSystem_draw.obj
         Release\basic_app.obj
         Release\main.obj
         Release\mySystemApp.obj
         Release\mySystemApp_draw.obj
         Release\mySystemApp_HandleEvents.obj
         Release\camera.obj
         Release\opengl_stuff.obj
         Release\painter_draw.obj
         Release\openGLapp.obj
         Release\openGLapp.events.obj
         Release\openGLapp_draw.obj
         Release\openGLapp_init.obj
         Release\openGLapp_update.obj
         Release\basic_tools.obj
         Release\grid2D.obj
         Release\provider.obj
         Release\vector3d.obj
         Release\fileReader.obj
         Release\imageReader.obj
         Release\BG_grid2D.obj
         Release\boardGame.obj
         Release\painter.obj
         Release\boardGameApp.obj
         Release\freeCanvas2D.obj
         Release\lattice_manager.obj
         Release\paintingSystem.obj
         Release\paintingSystemApp.obj
         Release\paintingSystemApp_draw.obj
         Release\paintingSystemApp_HandleEvents.obj
         Release\texture.obj
         Release\textureManager.obj
         Release\textureManager_read.obj
         Generating code
         Finished generating code
         asm.vcxproj -> C:\Users\USER\Desktop\OOP_HW03_Template_NET2010\.\bin\Release\SelfMotivatedSystem.exe
     1>Done Building Project "C:\Users\USER\Desktop\OOP_HW03_Template_NET2010\asm.vcxproj" (Build target(s)).

Build succeeded.

Time Elapsed 00:00:01.93
