已經開始建置於 2016/3/23 下午 10:24:04。
     1>節點 2 (build 目標) 上的專案 "C:\Users\USER\Desktop\OIFO\OOP_HW01_Template_NET2010\asm.vcxproj"。
     1>InitializeBuildStatus:
         正在變更時間戳記 "Debug\SimpleOpenGLFramework.unsuccessfulbuild"。
       ClCompile:
         d:\新增資料夾\VC\bin\CL.exe /c /I.\Irvine /I.\inc /ZI /nologo /W3 /WX- /Od /Oy- /D WIN32 /D _DEBUG /D _CONSOLE /D _UNICODE /D UNICODE /Gm /EHsc /RTC1 /MDd /GS /fp:precise /Zc:wchar_t /Zc:forScope /Fo"Debug\\" /Fd"Debug\vc100.pdb" /Gd /TP /analyze- /errorReport:prompt basic_app.cpp main.cpp 00_StudentWork\00_SimpleInteractiveSystem\mySystem_MonteCarlo.cpp 00_StudentWork\00_SimpleInteractiveSystem\mySystem_QuadraticFunction.cpp 00_StudentWork\00_SimpleInteractiveSystem\mySystem_StudentRecordManager.cpp 00_StudentWork\00_SimpleInteractiveSystem\mySystemApp.cpp 00_StudentWork\00_SimpleInteractiveSystem\mySystemApp_draw.cpp 00_StudentWork\00_SimpleInteractiveSystem\mySystemApp_HandleEvents.cpp mySystem_CubicFunction.cpp openGLbasic\camera.cpp openGLbasic\opengl_stuff.cpp painter\painter_draw.cpp openGLapp\openGLapp.cpp openGLapp\openGLapp.events.cpp openGLapp\openGLapp_draw.cpp openGLapp\openGLapp_init.cpp openGLapp\openGLapp_update.cpp primitives\basic_tools.cpp primitives\grid2D.cpp primitives\provider.cpp primitives\vector3d.cpp fileReader\fileReader.cpp imageReader\imageReader.cpp boardGame\BG_grid2D.cpp boardGame\boardGame.cpp painter\painter.cpp boardGameApp\boardGameApp.cpp freeCanvas2D\freeCanvas2D.cpp spatial_partition_structures\lattice_manager.cpp painting_system\paintingSystem.cpp painting_system\paintingSystemApp.cpp painting_system\paintingSystemApp_draw.cpp painting_system\paintingSystemApp_HandleEvents.cpp textureManager\texture.cpp textureManager\textureManager.cpp textureManager\textureManager_read.cpp
         textureManager_read.cpp
     1>c:\users\user\desktop\oifo\oop_hw01_template_net2010\inc\gl\gl.h : warning C4819: 檔案含有無法在目前字碼頁 (950) 中表示的字元。請以 Unicode 格式儲存檔案以防止資料遺失
     1>c:\users\user\desktop\oifo\oop_hw01_template_net2010\inc\gl\gl.h : warning C4819: 檔案含有無法在目前字碼頁 (950) 中表示的字元。請以 Unicode 格式儲存檔案以防止資料遺失
         textureManager.cpp
     1>c:\users\user\desktop\oifo\oop_hw01_template_net2010\inc\gl\gl.h : warning C4819: 檔案含有無法在目前字碼頁 (950) 中表示的字元。請以 Unicode 格式儲存檔案以防止資料遺失
     1>c:\users\user\desktop\oifo\oop_hw01_template_net2010\inc\gl\gl.h : warning C4819: 檔案含有無法在目前字碼頁 (950) 中表示的字元。請以 Unicode 格式儲存檔案以防止資料遺失
         texture.cpp
     1>c:\users\user\desktop\oifo\oop_hw01_template_net2010\inc\gl\gl.h : warning C4819: 檔案含有無法在目前字碼頁 (950) 中表示的字元。請以 Unicode 格式儲存檔案以防止資料遺失
     1>c:\users\user\desktop\oifo\oop_hw01_template_net2010\inc\gl\gl.h : warning C4819: 檔案含有無法在目前字碼頁 (950) 中表示的字元。請以 Unicode 格式儲存檔案以防止資料遺失
         paintingSystemApp_HandleEvents.cpp
     1>c:\users\user\desktop\oifo\oop_hw01_template_net2010\inc\gl\gl.h : warning C4819: 檔案含有無法在目前字碼頁 (950) 中表示的字元。請以 Unicode 格式儲存檔案以防止資料遺失
     1>c:\users\user\desktop\oifo\oop_hw01_template_net2010\inc\gl\gl.h : warning C4819: 檔案含有無法在目前字碼頁 (950) 中表示的字元。請以 Unicode 格式儲存檔案以防止資料遺失
         paintingSystemApp_draw.cpp
     1>c:\users\user\desktop\oifo\oop_hw01_template_net2010\inc\gl\gl.h : warning C4819: 檔案含有無法在目前字碼頁 (950) 中表示的字元。請以 Unicode 格式儲存檔案以防止資料遺失
     1>c:\users\user\desktop\oifo\oop_hw01_template_net2010\inc\gl\gl.h : warning C4819: 檔案含有無法在目前字碼頁 (950) 中表示的字元。請以 Unicode 格式儲存檔案以防止資料遺失
         paintingSystemApp.cpp
     1>c:\users\user\desktop\oifo\oop_hw01_template_net2010\inc\gl\gl.h : warning C4819: 檔案含有無法在目前字碼頁 (950) 中表示的字元。請以 Unicode 格式儲存檔案以防止資料遺失
     1>c:\users\user\desktop\oifo\oop_hw01_template_net2010\inc\gl\gl.h : warning C4819: 檔案含有無法在目前字碼頁 (950) 中表示的字元。請以 Unicode 格式儲存檔案以防止資料遺失
         paintingSystem.cpp
     1>c:\users\user\desktop\oifo\oop_hw01_template_net2010\inc\gl\gl.h : warning C4819: 檔案含有無法在目前字碼頁 (950) 中表示的字元。請以 Unicode 格式儲存檔案以防止資料遺失
     1>c:\users\user\desktop\oifo\oop_hw01_template_net2010\inc\gl\gl.h : warning C4819: 檔案含有無法在目前字碼頁 (950) 中表示的字元。請以 Unicode 格式儲存檔案以防止資料遺失
         lattice_manager.cpp
         freeCanvas2D.cpp
     1>c:\users\user\desktop\oifo\oop_hw01_template_net2010\inc\gl\gl.h : warning C4819: 檔案含有無法在目前字碼頁 (950) 中表示的字元。請以 Unicode 格式儲存檔案以防止資料遺失
     1>c:\users\user\desktop\oifo\oop_hw01_template_net2010\inc\gl\gl.h : warning C4819: 檔案含有無法在目前字碼頁 (950) 中表示的字元。請以 Unicode 格式儲存檔案以防止資料遺失
         boardGameApp.cpp
     1>c:\users\user\desktop\oifo\oop_hw01_template_net2010\inc\gl\gl.h : warning C4819: 檔案含有無法在目前字碼頁 (950) 中表示的字元。請以 Unicode 格式儲存檔案以防止資料遺失
     1>c:\users\user\desktop\oifo\oop_hw01_template_net2010\inc\gl\gl.h : warning C4819: 檔案含有無法在目前字碼頁 (950) 中表示的字元。請以 Unicode 格式儲存檔案以防止資料遺失
         painter.cpp
     1>c:\users\user\desktop\oifo\oop_hw01_template_net2010\inc\gl\gl.h : warning C4819: 檔案含有無法在目前字碼頁 (950) 中表示的字元。請以 Unicode 格式儲存檔案以防止資料遺失
     1>c:\users\user\desktop\oifo\oop_hw01_template_net2010\inc\gl\gl.h : warning C4819: 檔案含有無法在目前字碼頁 (950) 中表示的字元。請以 Unicode 格式儲存檔案以防止資料遺失
         boardGame.cpp
     1>c:\users\user\desktop\oifo\oop_hw01_template_net2010\inc\gl\gl.h : warning C4819: 檔案含有無法在目前字碼頁 (950) 中表示的字元。請以 Unicode 格式儲存檔案以防止資料遺失
     1>c:\users\user\desktop\oifo\oop_hw01_template_net2010\inc\gl\gl.h : warning C4819: 檔案含有無法在目前字碼頁 (950) 中表示的字元。請以 Unicode 格式儲存檔案以防止資料遺失
         BG_grid2D.cpp
         imageReader.cpp
     1>c:\users\user\desktop\oifo\oop_hw01_template_net2010\inc\gl\gl.h : warning C4819: 檔案含有無法在目前字碼頁 (950) 中表示的字元。請以 Unicode 格式儲存檔案以防止資料遺失
     1>c:\users\user\desktop\oifo\oop_hw01_template_net2010\inc\gl\gl.h : warning C4819: 檔案含有無法在目前字碼頁 (950) 中表示的字元。請以 Unicode 格式儲存檔案以防止資料遺失
     1>c:\users\user\desktop\oifo\oop_hw01_template_net2010\inc\gl\gl.h : warning C4819: 檔案含有無法在目前字碼頁 (950) 中表示的字元。請以 Unicode 格式儲存檔案以防止資料遺失
         fileReader.cpp
         vector3d.cpp
         provider.cpp
         grid2D.cpp
         basic_tools.cpp
         openGLapp_update.cpp
     1>c:\users\user\desktop\oifo\oop_hw01_template_net2010\inc\gl\gl.h : warning C4819: 檔案含有無法在目前字碼頁 (950) 中表示的字元。請以 Unicode 格式儲存檔案以防止資料遺失
     1>c:\users\user\desktop\oifo\oop_hw01_template_net2010\inc\gl\gl.h : warning C4819: 檔案含有無法在目前字碼頁 (950) 中表示的字元。請以 Unicode 格式儲存檔案以防止資料遺失
         正在產生程式碼...
         正在編譯...
         openGLapp_init.cpp
     1>c:\users\user\desktop\oifo\oop_hw01_template_net2010\inc\gl\gl.h : warning C4819: 檔案含有無法在目前字碼頁 (950) 中表示的字元。請以 Unicode 格式儲存檔案以防止資料遺失
     1>c:\users\user\desktop\oifo\oop_hw01_template_net2010\inc\gl\gl.h : warning C4819: 檔案含有無法在目前字碼頁 (950) 中表示的字元。請以 Unicode 格式儲存檔案以防止資料遺失
         openGLapp_draw.cpp
     1>c:\users\user\desktop\oifo\oop_hw01_template_net2010\inc\gl\gl.h : warning C4819: 檔案含有無法在目前字碼頁 (950) 中表示的字元。請以 Unicode 格式儲存檔案以防止資料遺失
     1>c:\users\user\desktop\oifo\oop_hw01_template_net2010\inc\gl\gl.h : warning C4819: 檔案含有無法在目前字碼頁 (950) 中表示的字元。請以 Unicode 格式儲存檔案以防止資料遺失
         openGLapp.events.cpp
     1>c:\users\user\desktop\oifo\oop_hw01_template_net2010\inc\gl\gl.h : warning C4819: 檔案含有無法在目前字碼頁 (950) 中表示的字元。請以 Unicode 格式儲存檔案以防止資料遺失
     1>c:\users\user\desktop\oifo\oop_hw01_template_net2010\inc\gl\gl.h : warning C4819: 檔案含有無法在目前字碼頁 (950) 中表示的字元。請以 Unicode 格式儲存檔案以防止資料遺失
         openGLapp.cpp
     1>c:\users\user\desktop\oifo\oop_hw01_template_net2010\inc\gl\gl.h : warning C4819: 檔案含有無法在目前字碼頁 (950) 中表示的字元。請以 Unicode 格式儲存檔案以防止資料遺失
     1>c:\users\user\desktop\oifo\oop_hw01_template_net2010\inc\gl\gl.h : warning C4819: 檔案含有無法在目前字碼頁 (950) 中表示的字元。請以 Unicode 格式儲存檔案以防止資料遺失
         painter_draw.cpp
     1>c:\users\user\desktop\oifo\oop_hw01_template_net2010\inc\gl\gl.h : warning C4819: 檔案含有無法在目前字碼頁 (950) 中表示的字元。請以 Unicode 格式儲存檔案以防止資料遺失
     1>c:\users\user\desktop\oifo\oop_hw01_template_net2010\inc\gl\gl.h : warning C4819: 檔案含有無法在目前字碼頁 (950) 中表示的字元。請以 Unicode 格式儲存檔案以防止資料遺失
         opengl_stuff.cpp
     1>c:\users\user\desktop\oifo\oop_hw01_template_net2010\inc\gl\gl.h : warning C4819: 檔案含有無法在目前字碼頁 (950) 中表示的字元。請以 Unicode 格式儲存檔案以防止資料遺失
     1>c:\users\user\desktop\oifo\oop_hw01_template_net2010\inc\gl\gl.h : warning C4819: 檔案含有無法在目前字碼頁 (950) 中表示的字元。請以 Unicode 格式儲存檔案以防止資料遺失
         camera.cpp
     1>c:\users\user\desktop\oifo\oop_hw01_template_net2010\inc\gl\gl.h : warning C4819: 檔案含有無法在目前字碼頁 (950) 中表示的字元。請以 Unicode 格式儲存檔案以防止資料遺失
     1>c:\users\user\desktop\oifo\oop_hw01_template_net2010\inc\gl\gl.h : warning C4819: 檔案含有無法在目前字碼頁 (950) 中表示的字元。請以 Unicode 格式儲存檔案以防止資料遺失
         mySystem_CubicFunction.cpp
     1>c:\users\user\desktop\oifo\oop_hw01_template_net2010\inc\gl\gl.h : warning C4819: 檔案含有無法在目前字碼頁 (950) 中表示的字元。請以 Unicode 格式儲存檔案以防止資料遺失
     1>c:\users\user\desktop\oifo\oop_hw01_template_net2010\inc\gl\gl.h : warning C4819: 檔案含有無法在目前字碼頁 (950) 中表示的字元。請以 Unicode 格式儲存檔案以防止資料遺失
     1>c:\users\user\desktop\oifo\oop_hw01_template_net2010\mysystem_cubicfunction.cpp(64): warning C4244: '=' : 將 'const double' 轉換為 'int'，由於型別不同，可能導致資料遺失
         mySystemApp_HandleEvents.cpp
     1>c:\users\user\desktop\oifo\oop_hw01_template_net2010\inc\gl\gl.h : warning C4819: 檔案含有無法在目前字碼頁 (950) 中表示的字元。請以 Unicode 格式儲存檔案以防止資料遺失
     1>c:\users\user\desktop\oifo\oop_hw01_template_net2010\inc\gl\gl.h : warning C4819: 檔案含有無法在目前字碼頁 (950) 中表示的字元。請以 Unicode 格式儲存檔案以防止資料遺失
         mySystemApp_draw.cpp
     1>c:\users\user\desktop\oifo\oop_hw01_template_net2010\inc\gl\gl.h : warning C4819: 檔案含有無法在目前字碼頁 (950) 中表示的字元。請以 Unicode 格式儲存檔案以防止資料遺失
     1>c:\users\user\desktop\oifo\oop_hw01_template_net2010\inc\gl\gl.h : warning C4819: 檔案含有無法在目前字碼頁 (950) 中表示的字元。請以 Unicode 格式儲存檔案以防止資料遺失
     1>c:\users\user\desktop\oifo\oop_hw01_template_net2010\00_studentwork\00_simpleinteractivesystem\mysystemapp_draw.cpp(78): warning C4244: '正在初始化' : 將 'double' 轉換為 'float'，由於型別不同，可能導致資料遺失
     1>c:\users\user\desktop\oifo\oop_hw01_template_net2010\00_studentwork\00_simpleinteractivesystem\mysystemapp_draw.cpp(86): warning C4244: '正在初始化' : 將 'double' 轉換為 'float'，由於型別不同，可能導致資料遺失
     1>c:\users\user\desktop\oifo\oop_hw01_template_net2010\00_studentwork\00_simpleinteractivesystem\mysystemapp_draw.cpp(103): warning C4305: '引數' : 從 'double' 轉換為 'GLfloat'，是由較大的型別轉換為較小的型別，可能導致資料遺失
     1>c:\users\user\desktop\oifo\oop_hw01_template_net2010\00_studentwork\00_simpleinteractivesystem\mysystemapp_draw.cpp(105): warning C4305: '引數' : 從 'double' 轉換為 'GLfloat'，是由較大的型別轉換為較小的型別，可能導致資料遺失
     1>c:\users\user\desktop\oifo\oop_hw01_template_net2010\00_studentwork\00_simpleinteractivesystem\mysystemapp_draw.cpp(105): warning C4305: '引數' : 從 'double' 轉換為 'GLfloat'，是由較大的型別轉換為較小的型別，可能導致資料遺失
     1>c:\users\user\desktop\oifo\oop_hw01_template_net2010\00_studentwork\00_simpleinteractivesystem\mysystemapp_draw.cpp(105): warning C4305: '引數' : 從 'double' 轉換為 'GLfloat'，是由較大的型別轉換為較小的型別，可能導致資料遺失
     1>c:\users\user\desktop\oifo\oop_hw01_template_net2010\00_studentwork\00_simpleinteractivesystem\mysystemapp_draw.cpp(114): warning C4305: '引數' : 從 'double' 轉換為 'GLfloat'，是由較大的型別轉換為較小的型別，可能導致資料遺失
     1>c:\users\user\desktop\oifo\oop_hw01_template_net2010\00_studentwork\00_simpleinteractivesystem\mysystemapp_draw.cpp(114): warning C4305: '引數' : 從 'double' 轉換為 'GLfloat'，是由較大的型別轉換為較小的型別，可能導致資料遺失
     1>c:\users\user\desktop\oifo\oop_hw01_template_net2010\00_studentwork\00_simpleinteractivesystem\mysystemapp_draw.cpp(114): warning C4305: '引數' : 從 'double' 轉換為 'GLfloat'，是由較大的型別轉換為較小的型別，可能導致資料遺失
     1>c:\users\user\desktop\oifo\oop_hw01_template_net2010\00_studentwork\00_simpleinteractivesystem\mysystemapp_draw.cpp(123): warning C4244: '=' : 將 'double' 轉換為 'float'，由於型別不同，可能導致資料遺失
     1>c:\users\user\desktop\oifo\oop_hw01_template_net2010\00_studentwork\00_simpleinteractivesystem\mysystemapp_draw.cpp(124): warning C4244: '=' : 將 'double' 轉換為 'float'，由於型別不同，可能導致資料遺失
     1>c:\users\user\desktop\oifo\oop_hw01_template_net2010\00_studentwork\00_simpleinteractivesystem\mysystemapp_draw.cpp(133): warning C4305: '引數' : 從 'double' 轉換為 'GLfloat'，是由較大的型別轉換為較小的型別，可能導致資料遺失
     1>c:\users\user\desktop\oifo\oop_hw01_template_net2010\00_studentwork\00_simpleinteractivesystem\mysystemapp_draw.cpp(133): warning C4305: '引數' : 從 'double' 轉換為 'GLfloat'，是由較大的型別轉換為較小的型別，可能導致資料遺失
     1>c:\users\user\desktop\oifo\oop_hw01_template_net2010\00_studentwork\00_simpleinteractivesystem\mysystemapp_draw.cpp(133): warning C4305: '引數' : 從 'double' 轉換為 'GLfloat'，是由較大的型別轉換為較小的型別，可能導致資料遺失
     1>c:\users\user\desktop\oifo\oop_hw01_template_net2010\00_studentwork\00_simpleinteractivesystem\mysystemapp_draw.cpp(142): warning C4244: '=' : 將 'double' 轉換為 'float'，由於型別不同，可能導致資料遺失
     1>c:\users\user\desktop\oifo\oop_hw01_template_net2010\00_studentwork\00_simpleinteractivesystem\mysystemapp_draw.cpp(143): warning C4244: '=' : 將 'double' 轉換為 'float'，由於型別不同，可能導致資料遺失
     1>c:\users\user\desktop\oifo\oop_hw01_template_net2010\00_studentwork\00_simpleinteractivesystem\mysystemapp_draw.cpp(155): warning C4244: '引數' : 將 'double' 轉換為 'GLfloat'，由於型別不同，可能導致資料遺失
     1>c:\users\user\desktop\oifo\oop_hw01_template_net2010\00_studentwork\00_simpleinteractivesystem\mysystemapp_draw.cpp(155): warning C4305: '引數' : 從 'double' 轉換為 'GLfloat'，是由較大的型別轉換為較小的型別，可能導致資料遺失
     1>c:\users\user\desktop\oifo\oop_hw01_template_net2010\00_studentwork\00_simpleinteractivesystem\mysystemapp_draw.cpp(155): warning C4305: '引數' : 從 'double' 轉換為 'GLfloat'，是由較大的型別轉換為較小的型別，可能導致資料遺失
     1>c:\users\user\desktop\oifo\oop_hw01_template_net2010\00_studentwork\00_simpleinteractivesystem\mysystemapp_draw.cpp(157): warning C4244: '=' : 將 'int' 轉換為 'float'，由於型別不同，可能導致資料遺失
     1>c:\users\user\desktop\oifo\oop_hw01_template_net2010\00_studentwork\00_simpleinteractivesystem\mysystemapp_draw.cpp(163): warning C4244: '=' : 將 'int' 轉換為 'float'，由於型別不同，可能導致資料遺失
         mySystemApp.cpp
     1>c:\users\user\desktop\oifo\oop_hw01_template_net2010\inc\gl\gl.h : warning C4819: 檔案含有無法在目前字碼頁 (950) 中表示的字元。請以 Unicode 格式儲存檔案以防止資料遺失
     1>c:\users\user\desktop\oifo\oop_hw01_template_net2010\inc\gl\gl.h : warning C4819: 檔案含有無法在目前字碼頁 (950) 中表示的字元。請以 Unicode 格式儲存檔案以防止資料遺失
         mySystem_StudentRecordManager.cpp
     1>c:\users\user\desktop\oifo\oop_hw01_template_net2010\inc\gl\gl.h : warning C4819: 檔案含有無法在目前字碼頁 (950) 中表示的字元。請以 Unicode 格式儲存檔案以防止資料遺失
     1>c:\users\user\desktop\oifo\oop_hw01_template_net2010\inc\gl\gl.h : warning C4819: 檔案含有無法在目前字碼頁 (950) 中表示的字元。請以 Unicode 格式儲存檔案以防止資料遺失
     1>c:\users\user\desktop\oifo\oop_hw01_template_net2010\00_studentwork\00_simpleinteractivesystem\mysystem_studentrecordmanager.cpp(49): warning C4244: '=' : 將 'int' 轉換為 'float'，由於型別不同，可能導致資料遺失
     1>c:\users\user\desktop\oifo\oop_hw01_template_net2010\00_studentwork\00_simpleinteractivesystem\mysystem_studentrecordmanager.cpp(88): warning C4804: '<=' : 作業中不安全的使用型別 'bool'
         mySystem_QuadraticFunction.cpp
     1>c:\users\user\desktop\oifo\oop_hw01_template_net2010\inc\gl\gl.h : warning C4819: 檔案含有無法在目前字碼頁 (950) 中表示的字元。請以 Unicode 格式儲存檔案以防止資料遺失
     1>c:\users\user\desktop\oifo\oop_hw01_template_net2010\inc\gl\gl.h : warning C4819: 檔案含有無法在目前字碼頁 (950) 中表示的字元。請以 Unicode 格式儲存檔案以防止資料遺失
     1>c:\users\user\desktop\oifo\oop_hw01_template_net2010\00_studentwork\00_simpleinteractivesystem\mysystem_quadraticfunction.cpp(62): warning C4244: '=' : 將 'const double' 轉換為 'int'，由於型別不同，可能導致資料遺失
         mySystem_MonteCarlo.cpp
     1>c:\users\user\desktop\oifo\oop_hw01_template_net2010\inc\gl\gl.h : warning C4819: 檔案含有無法在目前字碼頁 (950) 中表示的字元。請以 Unicode 格式儲存檔案以防止資料遺失
     1>c:\users\user\desktop\oifo\oop_hw01_template_net2010\inc\gl\gl.h : warning C4819: 檔案含有無法在目前字碼頁 (950) 中表示的字元。請以 Unicode 格式儲存檔案以防止資料遺失
     1>c:\users\user\desktop\oifo\oop_hw01_template_net2010\00_studentwork\00_simpleinteractivesystem\mysystem_montecarlo.cpp(52): warning C4244: '引數' : 將 'time_t' 轉換為 'unsigned int'，由於型別不同，可能導致資料遺失
     1>c:\users\user\desktop\oifo\oop_hw01_template_net2010\00_studentwork\00_simpleinteractivesystem\mysystem_montecarlo.cpp(63): warning C4244: '=' : 將 'int' 轉換為 'float'，由於型別不同，可能導致資料遺失
     1>c:\users\user\desktop\oifo\oop_hw01_template_net2010\00_studentwork\00_simpleinteractivesystem\mysystem_montecarlo.cpp(94): warning C4800: 'float' : 強制將 bool 的值定為 'true' 或 'false' (效能警告)
         main.cpp
     1>c:\users\user\desktop\oifo\oop_hw01_template_net2010\inc\gl\gl.h : warning C4819: 檔案含有無法在目前字碼頁 (950) 中表示的字元。請以 Unicode 格式儲存檔案以防止資料遺失
     1>c:\users\user\desktop\oifo\oop_hw01_template_net2010\inc\gl\gl.h : warning C4819: 檔案含有無法在目前字碼頁 (950) 中表示的字元。請以 Unicode 格式儲存檔案以防止資料遺失
         basic_app.cpp
         正在產生程式碼...
     1>c:\users\user\desktop\oifo\oop_hw01_template_net2010\00_studentwork\00_simpleinteractivesystem\mysystem_montecarlo.cpp(60): warning C4700: 使用了未初始化的區域變數 'count'
     1>c:\users\user\desktop\oifo\oop_hw01_template_net2010\00_studentwork\00_simpleinteractivesystem\mysystem_studentrecordmanager.cpp(47): warning C4700: 使用了未初始化的區域變數 'total'
     1>c:\users\user\desktop\oifo\oop_hw01_template_net2010\00_studentwork\00_simpleinteractivesystem\mysystem_studentrecordmanager.cpp(59): warning C4700: 使用了未初始化的區域變數 'x'
       ManifestResourceCompile:
         C:\Program Files (x86)\Microsoft SDKs\Windows\v7.0A\bin\rc.exe /nologo /fo"Debug\SimpleOpenGLFramework.exe.embed.manifest.res" Debug\SimpleOpenGLFramework_manifest.rc 
     1>C:\Program Files (x86)\MSBuild\Microsoft.Cpp\v4.0\Microsoft.CppBuild.targets(990,5): warning MSB8012: TargetPath(C:\Users\USER\Desktop\OIFO\OOP_HW01_Template_NET2010\Debug\SimpleOpenGLFramework.exe) 與 Linker 的 OutputFile 屬性值 (C:\Users\USER\Desktop\OIFO\OOP_HW01_Template_NET2010\bin\Debug\SimpleOpenGLFramework.exe) 不相符。這可能會導致您的專案建置不正確。若要改正這種情況，請確認 $(OutDir)、$(TargetName) 和 $(TargetExt) 屬性值必須與 %(Link.OutputFile) 中指定的值相符。
       Link:
         d:\新增資料夾\VC\bin\link.exe /ERRORREPORT:PROMPT /OUT:".\bin\Debug\SimpleOpenGLFramework.exe" /INCREMENTAL /NOLOGO /LIBPATH:.\Irvine /LIBPATH:.\lib /LIBPATH:.\lib\IL user32.lib irvine32.lib devil.lib ilu.lib ilut.lib kernel32.lib user32.lib gdi32.lib winspool.lib comdlg32.lib advapi32.lib shell32.lib ole32.lib oleaut32.lib uuid.lib odbc32.lib odbccp32.lib /MANIFEST /ManifestFile:"Debug\SimpleOpenGLFramework.exe.intermediate.manifest" /MANIFESTUAC:"level='asInvoker' uiAccess='false'" /DEBUG /PDB:"C:\Users\USER\Desktop\OIFO\OOP_HW01_Template_NET2010\Debug\SimpleOpenGLFramework.pdb" /SUBSYSTEM:CONSOLE /TLBID:1 /DYNAMICBASE:NO /IMPLIB:"C:\Users\USER\Desktop\OIFO\OOP_HW01_Template_NET2010\Debug\SimpleOpenGLFramework.lib" /MACHINE:X86 Debug\SimpleOpenGLFramework.exe.embed.manifest.res
         Debug\basic_app.obj
         Debug\main.obj
         Debug\mySystem_MonteCarlo.obj
         Debug\mySystem_QuadraticFunction.obj
         Debug\mySystem_StudentRecordManager.obj
         Debug\mySystemApp.obj
         Debug\mySystemApp_draw.obj
         Debug\mySystemApp_HandleEvents.obj
         Debug\mySystem_CubicFunction.obj
         Debug\camera.obj
         Debug\opengl_stuff.obj
         Debug\painter_draw.obj
         Debug\openGLapp.obj
         Debug\openGLapp.events.obj
         Debug\openGLapp_draw.obj
         Debug\openGLapp_init.obj
         Debug\openGLapp_update.obj
         Debug\basic_tools.obj
         Debug\grid2D.obj
         Debug\provider.obj
         Debug\vector3d.obj
         Debug\fileReader.obj
         Debug\imageReader.obj
         Debug\BG_grid2D.obj
         Debug\boardGame.obj
         Debug\painter.obj
         Debug\boardGameApp.obj
         Debug\freeCanvas2D.obj
         Debug\lattice_manager.obj
         Debug\paintingSystem.obj
         Debug\paintingSystemApp.obj
         Debug\paintingSystemApp_draw.obj
         Debug\paintingSystemApp_HandleEvents.obj
         Debug\texture.obj
         Debug\textureManager.obj
         Debug\textureManager_read.obj
     1>LINK : fatal error LNK1104: 無法開啟檔案 'irvine32.lib'
     1>專案 "C:\Users\USER\Desktop\OIFO\OOP_HW01_Template_NET2010\asm.vcxproj" (build 目標) 建置完成 -- 失敗。

建置失敗。

經過時間 00:00:17.25
