Build started 2016/6/16 下午 09:02:09.
     1>Project "D:\Users\TEMP.CCCS\Desktop\OOP_FINAL_Template_NET2013_201606\asm.vcxproj" on node 2 (Build target(s)).
     1>ClCompile:
         C:\Program Files (x86)\Microsoft Visual Studio 12.0\VC\bin\CL.exe /c /I.\Irvine /I.\inc /Zi /nologo /W3 /WX- /O2 /Oy- /GL /D WIN32 /D NDEBUG /D _CONSOLE /D _MBCS /Gm- /EHsc /MD /GS /fp:precise /Zc:wchar_t /Zc:forScope /Fo"Release\\" /Fd"Release\vc120.pdb" /Gd /TP /analyze- /errorReport:prompt 00_StudentWork\00_SimpleInteractiveSystem\mySystem_GalaxySystem.cpp
         mySystem_GalaxySystem.cpp
     1>00_StudentWork\00_SimpleInteractiveSystem\mySystem_GalaxySystem.cpp(36): warning C4244: 'argument' : conversion from 'time_t' to 'unsigned int', possible loss of data
     1>00_StudentWork\00_SimpleInteractiveSystem\mySystem_GalaxySystem.cpp(38): warning C4101: 'y' : unreferenced local variable
     1>00_StudentWork\00_SimpleInteractiveSystem\mySystem_GalaxySystem.cpp(38): warning C4101: 'x' : unreferenced local variable
     1>00_StudentWork\00_SimpleInteractiveSystem\mySystem_GalaxySystem.cpp(51): warning C4244: 'argument' : conversion from 'time_t' to 'unsigned int', possible loss of data
     1>C:\Program Files (x86)\MSBuild\Microsoft.Cpp\v4.0\V120\Microsoft.CppBuild.targets(1186,5): warning MSB8012: TargetPath(D:\Users\TEMP.CCCS\Desktop\OOP_FINAL_Template_NET2013_201606\Release\SelfMotivatedSystem.exe) does not match the Linker's OutputFile property value (D:\Users\TEMP.CCCS\Desktop\OOP_FINAL_Template_NET2013_201606\bin\Release\SelfMotivatedSystem.exe). This may cause your project to build incorrectly. To correct this, please make sure that $(OutDir), $(TargetName) and $(TargetExt) property values match the value specified in %(Link.OutputFile).
       Link:
         C:\Program Files (x86)\Microsoft Visual Studio 12.0\VC\bin\link.exe /ERRORREPORT:PROMPT /OUT:".\bin\Release\SelfMotivatedSystem.exe" /INCREMENTAL:NO /NOLOGO /LIBPATH:.\Irvine /LIBPATH:.\lib /LIBPATH:.\lib\IL freeglut.lib opengl32.lib glew32.lib glew32s.lib ILUT.lib devIL.lib ILU.lib kernel32.lib user32.lib gdi32.lib winspool.lib comdlg32.lib advapi32.lib shell32.lib ole32.lib oleaut32.lib uuid.lib odbc32.lib odbccp32.lib /MANIFEST /MANIFESTUAC:"level='asInvoker' uiAccess='false'" /manifest:embed /DEBUG /PDB:"D:\Users\TEMP.CCCS\Desktop\OOP_FINAL_Template_NET2013_201606\Release\SelfMotivatedSystem.pdb" /SUBSYSTEM:CONSOLE /OPT:REF /OPT:ICF /LTCG /TLBID:1 /DYNAMICBASE:NO /IMPLIB:"D:\Users\TEMP.CCCS\Desktop\OOP_FINAL_Template_NET2013_201606\Release\SelfMotivatedSystem.lib" /MACHINE:X86 /SAFESEH Release\myBasicTools.obj
         Release\mySystem_ColorPalette.obj
         Release\mySystem_GalaxySystem.obj
         Release\mySystem_MonteCarlo.obj
         Release\mySystem_SimpleFileEditor.obj
         Release\mySystem_SimplePainter.obj
         Release\mySystem_SortingVisualization.obj
         Release\basic_app.obj
         Release\main.obj
         Release\mySystemApp.obj
         Release\mySystemApp_draw.obj
         Release\mySystemApp_HandleEvents.obj
         Release\camera.obj
         Release\ogl_basic_tools.obj
         Release\opengl_stuff.obj
         Release\painter_draw.obj
         Release\openGLapp.obj
         Release\openGLapp.events.obj
         Release\openGLapp_draw.obj
         Release\openGLapp_init.obj
         Release\openGLapp_update.obj
         Release\basic_tools.obj
         Release\grid2D.obj
         Release\provider.obj
         Release\vector3d.obj
         Release\fileReader.obj
         Release\imageReader.obj
         Release\BG_grid2D.obj
         Release\boardGame.obj
         Release\painter.obj
         Release\boardGameApp.obj
         Release\freeCanvas2D.obj
         Release\lattice_manager.obj
         Release\paintingSystem.obj
         Release\paintingSystemApp.obj
         Release\paintingSystemApp_draw.obj
         Release\paintingSystemApp_HandleEvents.obj
         Release\texture.obj
         Release\textureManager.obj
         Release\textureManager_read.obj
         Generating code
     1>d:\users\temp.cccs\desktop\oop_final_template_net2013_201606\00_studentwork\00_simpleinteractivesystem\mysystem_montecarlo.cpp(215): warning C4715: 'MONTE_CARLO_SYSTEM::getValue' : not all control paths return a value
         Finished generating code
         asm.vcxproj -> D:\Users\TEMP.CCCS\Desktop\OOP_FINAL_Template_NET2013_201606\Release\SelfMotivatedSystem.exe
     1>Done Building Project "D:\Users\TEMP.CCCS\Desktop\OOP_FINAL_Template_NET2013_201606\asm.vcxproj" (Build target(s)).

Build succeeded.

Time Elapsed 00:00:02.92
