d:\users\wingo\teaching\objectorientedprogramming\assignments\oop_hw02_solution_net2010\release\openglapp_update.obj
d:\users\wingo\teaching\objectorientedprogramming\assignments\oop_hw02_solution_net2010\release\openglapp_init.obj
d:\users\wingo\teaching\objectorientedprogramming\assignments\oop_hw02_solution_net2010\release\openglapp_draw.obj
d:\users\wingo\teaching\objectorientedprogramming\assignments\oop_hw02_solution_net2010\release\openglapp.events.obj
d:\users\wingo\teaching\objectorientedprogramming\assignments\oop_hw02_solution_net2010\release\openglapp.obj
d:\users\wingo\teaching\objectorientedprogramming\assignments\oop_hw02_solution_net2010\release\painter_draw.obj
d:\users\wingo\teaching\objectorientedprogramming\assignments\oop_hw02_solution_net2010\release\opengl_stuff.obj
d:\users\wingo\teaching\objectorientedprogramming\assignments\oop_hw02_solution_net2010\release\camera.obj
d:\users\wingo\teaching\objectorientedprogramming\assignments\oop_hw02_solution_net2010\release\mysystemapp_handleevents.obj
d:\users\wingo\teaching\objectorientedprogramming\assignments\oop_hw02_solution_net2010\release\mysystemapp_draw.obj
d:\users\wingo\teaching\objectorientedprogramming\assignments\oop_hw02_solution_net2010\release\mysystemapp.obj
d:\users\wingo\teaching\objectorientedprogramming\assignments\oop_hw02_solution_net2010\release\main.obj
d:\users\wingo\teaching\objectorientedprogramming\assignments\oop_hw02_solution_net2010\release\basic_app.obj
d:\users\wingo\teaching\objectorientedprogramming\assignments\oop_hw02_solution_net2010\release\mysystem_sortingvisualization.obj
d:\users\wingo\teaching\objectorientedprogramming\assignments\oop_hw02_solution_net2010\release\mysystem_simplepainter.obj
d:\users\wingo\teaching\objectorientedprogramming\assignments\oop_hw02_solution_net2010\release\mysystem_simplefileeditor.obj
d:\users\wingo\teaching\objectorientedprogramming\assignments\oop_hw02_solution_net2010\release\mysystem_montecarlo.obj
d:\users\wingo\teaching\objectorientedprogramming\assignments\oop_hw02_solution_net2010\release\mysystem_galaxysystem.obj
d:\users\wingo\teaching\objectorientedprogramming\assignments\oop_hw02_solution_net2010\release\mysystem_colorpalette.obj
d:\users\wingo\teaching\objectorientedprogramming\assignments\oop_hw02_solution_net2010\release\mybasictools.obj
d:\users\wingo\teaching\objectorientedprogramming\assignments\oop_hw02_solution_net2010\release\texturemanager_read.obj
d:\users\wingo\teaching\objectorientedprogramming\assignments\oop_hw02_solution_net2010\release\texturemanager.obj
d:\users\wingo\teaching\objectorientedprogramming\assignments\oop_hw02_solution_net2010\release\texture.obj
d:\users\wingo\teaching\objectorientedprogramming\assignments\oop_hw02_solution_net2010\release\paintingsystemapp_handleevents.obj
d:\users\wingo\teaching\objectorientedprogramming\assignments\oop_hw02_solution_net2010\release\paintingsystemapp_draw.obj
d:\users\wingo\teaching\objectorientedprogramming\assignments\oop_hw02_solution_net2010\release\paintingsystemapp.obj
d:\users\wingo\teaching\objectorientedprogramming\assignments\oop_hw02_solution_net2010\release\paintingsystem.obj
d:\users\wingo\teaching\objectorientedprogramming\assignments\oop_hw02_solution_net2010\release\lattice_manager.obj
d:\users\wingo\teaching\objectorientedprogramming\assignments\oop_hw02_solution_net2010\release\freecanvas2d.obj
d:\users\wingo\teaching\objectorientedprogramming\assignments\oop_hw02_solution_net2010\release\boardgameapp.obj
d:\users\wingo\teaching\objectorientedprogramming\assignments\oop_hw02_solution_net2010\release\painter.obj
d:\users\wingo\teaching\objectorientedprogramming\assignments\oop_hw02_solution_net2010\release\boardgame.obj
d:\users\wingo\teaching\objectorientedprogramming\assignments\oop_hw02_solution_net2010\release\bg_grid2d.obj
d:\users\wingo\teaching\objectorientedprogramming\assignments\oop_hw02_solution_net2010\release\imagereader.obj
d:\users\wingo\teaching\objectorientedprogramming\assignments\oop_hw02_solution_net2010\release\filereader.obj
d:\users\wingo\teaching\objectorientedprogramming\assignments\oop_hw02_solution_net2010\release\vector3d.obj
d:\users\wingo\teaching\objectorientedprogramming\assignments\oop_hw02_solution_net2010\release\provider.obj
d:\users\wingo\teaching\objectorientedprogramming\assignments\oop_hw02_solution_net2010\release\grid2d.obj
d:\users\wingo\teaching\objectorientedprogramming\assignments\oop_hw02_solution_net2010\release\basic_tools.obj
d:\users\wingo\teaching\objectorientedprogramming\assignments\oop_hw02_solution_net2010\release\vc100.pdb
d:\users\wingo\teaching\objectorientedprogramming\assignments\oop_hw02_template_net2010\release\openglapp_update.obj
d:\users\wingo\teaching\objectorientedprogramming\assignments\oop_hw02_template_net2010\release\openglapp_init.obj
d:\users\wingo\teaching\objectorientedprogramming\assignments\oop_hw02_template_net2010\release\openglapp_draw.obj
d:\users\wingo\teaching\objectorientedprogramming\assignments\oop_hw02_template_net2010\release\openglapp.events.obj
d:\users\wingo\teaching\objectorientedprogramming\assignments\oop_hw02_template_net2010\release\openglapp.obj
d:\users\wingo\teaching\objectorientedprogramming\assignments\oop_hw02_template_net2010\release\painter_draw.obj
d:\users\wingo\teaching\objectorientedprogramming\assignments\oop_hw02_template_net2010\release\opengl_stuff.obj
d:\users\wingo\teaching\objectorientedprogramming\assignments\oop_hw02_template_net2010\release\camera.obj
d:\users\wingo\teaching\objectorientedprogramming\assignments\oop_hw02_template_net2010\release\mysystemapp_handleevents.obj
d:\users\wingo\teaching\objectorientedprogramming\assignments\oop_hw02_template_net2010\release\mysystemapp_draw.obj
d:\users\wingo\teaching\objectorientedprogramming\assignments\oop_hw02_template_net2010\release\mysystemapp.obj
d:\users\wingo\teaching\objectorientedprogramming\assignments\oop_hw02_template_net2010\release\main.obj
d:\users\wingo\teaching\objectorientedprogramming\assignments\oop_hw02_template_net2010\release\basic_app.obj
d:\users\wingo\teaching\objectorientedprogramming\assignments\oop_hw02_template_net2010\release\mysystem_sortingvisualization.obj
d:\users\wingo\teaching\objectorientedprogramming\assignments\oop_hw02_template_net2010\release\mysystem_simplepainter.obj
d:\users\wingo\teaching\objectorientedprogramming\assignments\oop_hw02_template_net2010\release\mysystem_simplefileeditor.obj
d:\users\wingo\teaching\objectorientedprogramming\assignments\oop_hw02_template_net2010\release\mysystem_montecarlo.obj
d:\users\wingo\teaching\objectorientedprogramming\assignments\oop_hw02_template_net2010\release\mysystem_galaxysystem.obj
d:\users\wingo\teaching\objectorientedprogramming\assignments\oop_hw02_template_net2010\release\mysystem_colorpalette.obj
d:\users\wingo\teaching\objectorientedprogramming\assignments\oop_hw02_template_net2010\release\mybasictools.obj
d:\users\wingo\teaching\objectorientedprogramming\assignments\oop_hw02_template_net2010\release\texturemanager_read.obj
d:\users\wingo\teaching\objectorientedprogramming\assignments\oop_hw02_template_net2010\release\texturemanager.obj
d:\users\wingo\teaching\objectorientedprogramming\assignments\oop_hw02_template_net2010\release\texture.obj
d:\users\wingo\teaching\objectorientedprogramming\assignments\oop_hw02_template_net2010\release\paintingsystemapp_handleevents.obj
d:\users\wingo\teaching\objectorientedprogramming\assignments\oop_hw02_template_net2010\release\paintingsystemapp_draw.obj
d:\users\wingo\teaching\objectorientedprogramming\assignments\oop_hw02_template_net2010\release\paintingsystemapp.obj
d:\users\wingo\teaching\objectorientedprogramming\assignments\oop_hw02_template_net2010\release\paintingsystem.obj
d:\users\wingo\teaching\objectorientedprogramming\assignments\oop_hw02_template_net2010\release\lattice_manager.obj
d:\users\wingo\teaching\objectorientedprogramming\assignments\oop_hw02_template_net2010\release\freecanvas2d.obj
d:\users\wingo\teaching\objectorientedprogramming\assignments\oop_hw02_template_net2010\release\boardgameapp.obj
d:\users\wingo\teaching\objectorientedprogramming\assignments\oop_hw02_template_net2010\release\painter.obj
d:\users\wingo\teaching\objectorientedprogramming\assignments\oop_hw02_template_net2010\release\boardgame.obj
d:\users\wingo\teaching\objectorientedprogramming\assignments\oop_hw02_template_net2010\release\bg_grid2d.obj
d:\users\wingo\teaching\objectorientedprogramming\assignments\oop_hw02_template_net2010\release\imagereader.obj
d:\users\wingo\teaching\objectorientedprogramming\assignments\oop_hw02_template_net2010\release\filereader.obj
d:\users\wingo\teaching\objectorientedprogramming\assignments\oop_hw02_template_net2010\release\vector3d.obj
d:\users\wingo\teaching\objectorientedprogramming\assignments\oop_hw02_template_net2010\release\provider.obj
d:\users\wingo\teaching\objectorientedprogramming\assignments\oop_hw02_template_net2010\release\grid2d.obj
d:\users\wingo\teaching\objectorientedprogramming\assignments\oop_hw02_template_net2010\release\basic_tools.obj
d:\users\wingo\teaching\objectorientedprogramming\assignments\oop_hw02_template_net2010\release\vc100.pdb
d:\users\wingo\teaching\objectorientedprogramming\assignments\oop_hw02_solution_net2010\bin\release\selfmotivatedsystem.exe
d:\users\wingo\teaching\objectorientedprogramming\assignments\oop_hw02_solution_net2010\release\selfmotivatedsystem.exe.intermediate.manifest
d:\users\wingo\teaching\objectorientedprogramming\assignments\oop_hw02_solution_net2010\release\selfmotivatedsystem.pdb
d:\users\wingo\teaching\objectorientedprogramming\assignments\oop_hw02_template_net2010\bin\release\selfmotivatedsystem.exe
d:\users\wingo\teaching\objectorientedprogramming\assignments\oop_hw02_template_net2010\release\selfmotivatedsystem.exe.intermediate.manifest
d:\users\wingo\teaching\objectorientedprogramming\assignments\oop_hw02_template_net2010\release\selfmotivatedsystem.pdb
c:\users\user\desktop\oop_hw02_template_net2010\release\vc140.pdb
c:\users\user\desktop\oop_hw02_template_net2010\release\openglapp_update.obj
c:\users\user\desktop\oop_hw02_template_net2010\release\openglapp_init.obj
c:\users\user\desktop\oop_hw02_template_net2010\release\openglapp_draw.obj
c:\users\user\desktop\oop_hw02_template_net2010\release\openglapp.events.obj
c:\users\user\desktop\oop_hw02_template_net2010\release\openglapp.obj
c:\users\user\desktop\oop_hw02_template_net2010\release\painter_draw.obj
c:\users\user\desktop\oop_hw02_template_net2010\release\opengl_stuff.obj
c:\users\user\desktop\oop_hw02_template_net2010\release\camera.obj
c:\users\user\desktop\oop_hw02_template_net2010\release\mysystemapp_handleevents.obj
c:\users\user\desktop\oop_hw02_template_net2010\release\mysystemapp_draw.obj
c:\users\user\desktop\oop_hw02_template_net2010\release\mysystemapp.obj
c:\users\user\desktop\oop_hw02_template_net2010\release\main.obj
c:\users\user\desktop\oop_hw02_template_net2010\release\basic_app.obj
c:\users\user\desktop\oop_hw02_template_net2010\release\mysystem_sortingvisualization.obj
c:\users\user\desktop\oop_hw02_template_net2010\release\mysystem_simplepainter.obj
c:\users\user\desktop\oop_hw02_template_net2010\release\mysystem_simplefileeditor.obj
c:\users\user\desktop\oop_hw02_template_net2010\release\mysystem_montecarlo.obj
c:\users\user\desktop\oop_hw02_template_net2010\release\mysystem_galaxysystem.obj
c:\users\user\desktop\oop_hw02_template_net2010\release\mysystem_colorpalette.obj
c:\users\user\desktop\oop_hw02_template_net2010\release\mybasictools.obj
c:\users\user\desktop\oop_hw02_template_net2010\release\texturemanager_read.obj
c:\users\user\desktop\oop_hw02_template_net2010\release\texturemanager.obj
c:\users\user\desktop\oop_hw02_template_net2010\release\paintingsystemapp_handleevents.obj
c:\users\user\desktop\oop_hw02_template_net2010\release\paintingsystemapp_draw.obj
c:\users\user\desktop\oop_hw02_template_net2010\release\paintingsystemapp.obj
c:\users\user\desktop\oop_hw02_template_net2010\release\paintingsystem.obj
c:\users\user\desktop\oop_hw02_template_net2010\release\lattice_manager.obj
c:\users\user\desktop\oop_hw02_template_net2010\release\freecanvas2d.obj
c:\users\user\desktop\oop_hw02_template_net2010\release\boardgameapp.obj
c:\users\user\desktop\oop_hw02_template_net2010\release\painter.obj
c:\users\user\desktop\oop_hw02_template_net2010\release\boardgame.obj
c:\users\user\desktop\oop_hw02_template_net2010\release\bg_grid2d.obj
c:\users\user\desktop\oop_hw02_template_net2010\release\imagereader.obj
c:\users\user\desktop\oop_hw02_template_net2010\release\filereader.obj
c:\users\user\desktop\oop_hw02_template_net2010\release\vector3d.obj
c:\users\user\desktop\oop_hw02_template_net2010\release\provider.obj
c:\users\user\desktop\oop_hw02_template_net2010\release\grid2d.obj
c:\users\user\desktop\oop_hw02_template_net2010\release\basic_tools.obj
c:\users\user\desktop\oop_hw02_template_net2010\release\vc120.pdb
c:\users\user\desktop\oop_hw02_template_net2010\release\texture.obj
c:\users\user\desktop\oop_hw02_template_net2010\release\asm.vcxprojresolveassemblyreference.cache
c:\users\user\desktop\oop_hw02_template_net2010\release\cl.command.1.tlog
c:\users\user\desktop\oop_hw02_template_net2010\release\cl.read.1.tlog
c:\users\user\desktop\oop_hw02_template_net2010\release\cl.write.1.tlog
c:\users\user\desktop\oop_hw02_template_net2010\release\link.command.1.tlog
c:\users\user\desktop\oop_hw02_template_net2010\release\link.read.1.tlog
c:\users\user\desktop\oop_hw02_template_net2010\release\link.write.1.tlog
c:\users\user\desktop\oop_hw02_template_net2010\release\mt.command.1.tlog
c:\users\user\desktop\oop_hw02_template_net2010\release\mt.read.1.tlog
c:\users\user\desktop\oop_hw02_template_net2010\release\mt.write.1.tlog
c:\users\user\desktop\oop_hw02_template_net2010\release\selfmotivatedsystem.write.1.tlog
c:\users\user\desktop\oop_hw02_template_net2010\release\selfmotivatedsystem.exe.intermediate.manifest
c:\users\user\desktop\oop_hw02_template_net2010\release\selfmotivatedsystem.pdb
c:\users\user\desktop\oop_hw02_template_net2010\release\vc100.pdb
c:\users\user\desktop\oop_hw02_template_net2010\release\selfmoti.a256cbfc.tlog\cl.command.1.tlog
c:\users\user\desktop\oop_hw02_template_net2010\release\selfmoti.a256cbfc.tlog\cl.read.1.tlog
c:\users\user\desktop\oop_hw02_template_net2010\release\selfmoti.a256cbfc.tlog\cl.write.1.tlog
c:\users\user\desktop\oop_hw02_template_net2010\release\selfmoti.a256cbfc.tlog\link-cvtres.read.1.tlog
c:\users\user\desktop\oop_hw02_template_net2010\release\selfmoti.a256cbfc.tlog\link-cvtres.write.1.tlog
c:\users\user\desktop\oop_hw02_template_net2010\release\selfmoti.a256cbfc.tlog\link-rc.read.1.tlog
c:\users\user\desktop\oop_hw02_template_net2010\release\selfmoti.a256cbfc.tlog\link-rc.write.1.tlog
c:\users\user\desktop\oop_hw02_template_net2010\release\selfmoti.a256cbfc.tlog\link.command.1.tlog
c:\users\user\desktop\oop_hw02_template_net2010\release\selfmoti.a256cbfc.tlog\link.read.1.tlog
c:\users\user\desktop\oop_hw02_template_net2010\release\selfmoti.a256cbfc.tlog\link.write.1.tlog
